[2021-05-12 09:48:18,915] {taskinstance.py:877} INFO - Dependencies all met for <TaskInstance: tutorial.templated 2021-05-11T00:00:00+00:00 [queued]>
[2021-05-12 09:48:18,922] {taskinstance.py:877} INFO - Dependencies all met for <TaskInstance: tutorial.templated 2021-05-11T00:00:00+00:00 [queued]>
[2021-05-12 09:48:18,922] {taskinstance.py:1068} INFO - 
--------------------------------------------------------------------------------
[2021-05-12 09:48:18,922] {taskinstance.py:1069} INFO - Starting attempt 2 of 3
[2021-05-12 09:48:18,922] {taskinstance.py:1070} INFO - 
--------------------------------------------------------------------------------
[2021-05-12 09:48:19,040] {taskinstance.py:1089} INFO - Executing <Task(BashOperator): templated> on 2021-05-11T00:00:00+00:00
[2021-05-12 09:48:19,042] {standard_task_runner.py:52} INFO - Started process 2148216 to run task
[2021-05-12 09:48:19,049] {standard_task_runner.py:76} INFO - Running: ['airflow', 'tasks', 'run', 'tutorial', 'templated', '2021-05-11T00:00:00+00:00', '--job-id', '36', '--pool', 'default_pool', '--raw', '--subdir', 'DAGS_FOLDER/test-dag.py', '--cfg-path', '/tmp/tmpe5qp41vm', '--error-file', '/tmp/tmpf_6anx_h']
[2021-05-12 09:48:19,050] {standard_task_runner.py:77} INFO - Job 36: Subtask templated
[2021-05-12 09:48:19,158] {logging_mixin.py:104} INFO - Running <TaskInstance: tutorial.templated 2021-05-11T00:00:00+00:00 [running]> on host sdn-k8s-b2-3-3.maas
[2021-05-12 09:48:19,273] {taskinstance.py:1281} INFO - Exporting the following env vars:
AIRFLOW_CTX_DAG_EMAIL=davidwu5858@gmail.com
AIRFLOW_CTX_DAG_OWNER=airflow
AIRFLOW_CTX_DAG_ID=tutorial
AIRFLOW_CTX_TASK_ID=templated
AIRFLOW_CTX_EXECUTION_DATE=2021-05-11T00:00:00+00:00
AIRFLOW_CTX_DAG_RUN_ID=scheduled__2021-05-11T00:00:00+00:00
[2021-05-12 09:48:19,273] {bash.py:135} INFO - Tmp dir root location: 
 /tmp
[2021-05-12 09:48:19,274] {bash.py:158} INFO - Running command: 

    echo "2021-05-11"
    echo "2021-05-18"
    echo "Parameter I passed in"

    echo "2021-05-11"
    echo "2021-05-18"
    echo "Parameter I passed in"

    echo "2021-05-11"
    echo "2021-05-18"
    echo "Parameter I passed in"

    echo "2021-05-11"
    echo "2021-05-18"
    echo "Parameter I passed in"

    echo "2021-05-11"
    echo "2021-05-18"
    echo "Parameter I passed in"

[2021-05-12 09:48:19,280] {bash.py:169} INFO - Output:
[2021-05-12 09:48:19,281] {bash.py:173} INFO - 2021-05-11
[2021-05-12 09:48:19,281] {bash.py:173} INFO - 2021-05-18
[2021-05-12 09:48:19,281] {bash.py:173} INFO - Parameter I passed in
[2021-05-12 09:48:19,282] {bash.py:173} INFO - 2021-05-11
[2021-05-12 09:48:19,282] {bash.py:173} INFO - 2021-05-18
[2021-05-12 09:48:19,282] {bash.py:173} INFO - Parameter I passed in
[2021-05-12 09:48:19,282] {bash.py:173} INFO - 2021-05-11
[2021-05-12 09:48:19,282] {bash.py:173} INFO - 2021-05-18
[2021-05-12 09:48:19,282] {bash.py:173} INFO - Parameter I passed in
[2021-05-12 09:48:19,282] {bash.py:173} INFO - 2021-05-11
[2021-05-12 09:48:19,282] {bash.py:173} INFO - 2021-05-18
[2021-05-12 09:48:19,282] {bash.py:173} INFO - Parameter I passed in
[2021-05-12 09:48:19,282] {bash.py:173} INFO - 2021-05-11
[2021-05-12 09:48:19,282] {bash.py:173} INFO - 2021-05-18
[2021-05-12 09:48:19,282] {bash.py:173} INFO - Parameter I passed in
[2021-05-12 09:48:19,282] {bash.py:177} INFO - Command exited with return code 0
[2021-05-12 09:48:19,410] {taskinstance.py:1185} INFO - Marking task as SUCCESS. dag_id=tutorial, task_id=templated, execution_date=20210511T000000, start_date=20210512T094818, end_date=20210512T094819
[2021-05-12 09:48:19,545] {taskinstance.py:1246} INFO - 0 downstream tasks scheduled from follow-on schedule check
[2021-05-12 09:48:19,580] {local_task_job.py:146} INFO - Task exited with return code 0
