[2021-05-12 09:47:56,582] {taskinstance.py:877} INFO - Dependencies all met for <TaskInstance: tutorial.print_date 2021-05-11T00:00:00+00:00 [queued]>
[2021-05-12 09:47:56,589] {taskinstance.py:877} INFO - Dependencies all met for <TaskInstance: tutorial.print_date 2021-05-11T00:00:00+00:00 [queued]>
[2021-05-12 09:47:56,589] {taskinstance.py:1068} INFO - 
--------------------------------------------------------------------------------
[2021-05-12 09:47:56,589] {taskinstance.py:1069} INFO - Starting attempt 2 of 3
[2021-05-12 09:47:56,589] {taskinstance.py:1070} INFO - 
--------------------------------------------------------------------------------
[2021-05-12 09:47:56,690] {taskinstance.py:1089} INFO - Executing <Task(BashOperator): print_date> on 2021-05-11T00:00:00+00:00
[2021-05-12 09:47:56,693] {standard_task_runner.py:52} INFO - Started process 2147836 to run task
[2021-05-12 09:47:56,698] {standard_task_runner.py:76} INFO - Running: ['airflow', 'tasks', 'run', 'tutorial', 'print_date', '2021-05-11T00:00:00+00:00', '--job-id', '32', '--pool', 'default_pool', '--raw', '--subdir', 'DAGS_FOLDER/test-dag.py', '--cfg-path', '/tmp/tmptetrk4tb', '--error-file', '/tmp/tmp9y1kp16r']
[2021-05-12 09:47:56,699] {standard_task_runner.py:77} INFO - Job 32: Subtask print_date
[2021-05-12 09:47:56,808] {logging_mixin.py:104} INFO - Running <TaskInstance: tutorial.print_date 2021-05-11T00:00:00+00:00 [running]> on host sdn-k8s-b2-3-3.maas
[2021-05-12 09:47:56,919] {taskinstance.py:1281} INFO - Exporting the following env vars:
AIRFLOW_CTX_DAG_EMAIL=davidwu5858@gmail.com
AIRFLOW_CTX_DAG_OWNER=airflow
AIRFLOW_CTX_DAG_ID=tutorial
AIRFLOW_CTX_TASK_ID=print_date
AIRFLOW_CTX_EXECUTION_DATE=2021-05-11T00:00:00+00:00
AIRFLOW_CTX_DAG_RUN_ID=scheduled__2021-05-11T00:00:00+00:00
[2021-05-12 09:47:56,919] {bash.py:135} INFO - Tmp dir root location: 
 /tmp
[2021-05-12 09:47:56,920] {bash.py:158} INFO - Running command: date
[2021-05-12 09:47:56,926] {bash.py:169} INFO - Output:
[2021-05-12 09:47:56,928] {bash.py:173} INFO - Wed May 12 09:47:56 UTC 2021
[2021-05-12 09:47:56,928] {bash.py:177} INFO - Command exited with return code 0
[2021-05-12 09:47:57,061] {taskinstance.py:1185} INFO - Marking task as SUCCESS. dag_id=tutorial, task_id=print_date, execution_date=20210511T000000, start_date=20210512T094756, end_date=20210512T094757
[2021-05-12 09:47:57,586] {taskinstance.py:1246} INFO - 2 downstream tasks scheduled from follow-on schedule check
[2021-05-12 09:47:57,630] {local_task_job.py:146} INFO - Task exited with return code 0
