[2021-05-12 09:48:11,309] {taskinstance.py:877} INFO - Dependencies all met for <TaskInstance: tutorial.sleep 2021-05-11T00:00:00+00:00 [queued]>
[2021-05-12 09:48:11,316] {taskinstance.py:877} INFO - Dependencies all met for <TaskInstance: tutorial.sleep 2021-05-11T00:00:00+00:00 [queued]>
[2021-05-12 09:48:11,317] {taskinstance.py:1068} INFO - 
--------------------------------------------------------------------------------
[2021-05-12 09:48:11,317] {taskinstance.py:1069} INFO - Starting attempt 2 of 5
[2021-05-12 09:48:11,317] {taskinstance.py:1070} INFO - 
--------------------------------------------------------------------------------
[2021-05-12 09:48:11,523] {taskinstance.py:1089} INFO - Executing <Task(BashOperator): sleep> on 2021-05-11T00:00:00+00:00
[2021-05-12 09:48:11,530] {standard_task_runner.py:52} INFO - Started process 2148141 to run task
[2021-05-12 09:48:11,548] {standard_task_runner.py:76} INFO - Running: ['airflow', 'tasks', 'run', 'tutorial', 'sleep', '2021-05-11T00:00:00+00:00', '--job-id', '35', '--pool', 'default_pool', '--raw', '--subdir', 'DAGS_FOLDER/test-dag.py', '--cfg-path', '/tmp/tmplgbgcomw', '--error-file', '/tmp/tmpuzdxpok5']
[2021-05-12 09:48:11,549] {standard_task_runner.py:77} INFO - Job 35: Subtask sleep
[2021-05-12 09:48:11,838] {logging_mixin.py:104} INFO - Running <TaskInstance: tutorial.sleep 2021-05-11T00:00:00+00:00 [running]> on host sdn-k8s-b2-3-3.maas
[2021-05-12 09:48:12,037] {taskinstance.py:1281} INFO - Exporting the following env vars:
AIRFLOW_CTX_DAG_EMAIL=davidwu5858@gmail.com
AIRFLOW_CTX_DAG_OWNER=airflow
AIRFLOW_CTX_DAG_ID=tutorial
AIRFLOW_CTX_TASK_ID=sleep
AIRFLOW_CTX_EXECUTION_DATE=2021-05-11T00:00:00+00:00
AIRFLOW_CTX_DAG_RUN_ID=scheduled__2021-05-11T00:00:00+00:00
[2021-05-12 09:48:12,037] {bash.py:135} INFO - Tmp dir root location: 
 /tmp
[2021-05-12 09:48:12,038] {bash.py:158} INFO - Running command: sleep 5
[2021-05-12 09:48:12,054] {bash.py:169} INFO - Output:
[2021-05-12 09:48:17,053] {bash.py:177} INFO - Command exited with return code 0
[2021-05-12 09:48:17,160] {taskinstance.py:1185} INFO - Marking task as SUCCESS. dag_id=tutorial, task_id=sleep, execution_date=20210511T000000, start_date=20210512T094811, end_date=20210512T094817
[2021-05-12 09:48:17,279] {taskinstance.py:1246} INFO - 0 downstream tasks scheduled from follow-on schedule check
[2021-05-12 09:48:17,323] {local_task_job.py:146} INFO - Task exited with return code 0
