[2021-05-12 08:29:56,063] {taskinstance.py:877} INFO - Dependencies all met for <TaskInstance: tutorial.templated 2021-05-10T00:00:00+00:00 [queued]>
[2021-05-12 08:29:56,069] {taskinstance.py:877} INFO - Dependencies all met for <TaskInstance: tutorial.templated 2021-05-10T00:00:00+00:00 [queued]>
[2021-05-12 08:29:56,070] {taskinstance.py:1068} INFO - 
--------------------------------------------------------------------------------
[2021-05-12 08:29:56,070] {taskinstance.py:1069} INFO - Starting attempt 1 of 2
[2021-05-12 08:29:56,070] {taskinstance.py:1070} INFO - 
--------------------------------------------------------------------------------
[2021-05-12 08:29:56,225] {taskinstance.py:1089} INFO - Executing <Task(BashOperator): templated> on 2021-05-10T00:00:00+00:00
[2021-05-12 08:29:56,227] {standard_task_runner.py:52} INFO - Started process 2098959 to run task
[2021-05-12 08:29:56,232] {standard_task_runner.py:76} INFO - Running: ['airflow', 'tasks', 'run', 'tutorial', 'templated', '2021-05-10T00:00:00+00:00', '--job-id', '12', '--pool', 'default_pool', '--raw', '--subdir', 'DAGS_FOLDER/test-dag.py', '--cfg-path', '/tmp/tmpw0olg7wa', '--error-file', '/tmp/tmpbi7tv652']
[2021-05-12 08:29:56,233] {standard_task_runner.py:77} INFO - Job 12: Subtask templated
[2021-05-12 08:29:56,378] {logging_mixin.py:104} INFO - Running <TaskInstance: tutorial.templated 2021-05-10T00:00:00+00:00 [running]> on host sdn-k8s-b2-3-3.maas
[2021-05-12 08:29:56,503] {taskinstance.py:1281} INFO - Exporting the following env vars:
AIRFLOW_CTX_DAG_EMAIL=airflow@example.com
AIRFLOW_CTX_DAG_OWNER=airflow
AIRFLOW_CTX_DAG_ID=tutorial
AIRFLOW_CTX_TASK_ID=templated
AIRFLOW_CTX_EXECUTION_DATE=2021-05-10T00:00:00+00:00
AIRFLOW_CTX_DAG_RUN_ID=scheduled__2021-05-10T00:00:00+00:00
[2021-05-12 08:29:56,503] {bash.py:135} INFO - Tmp dir root location: 
 /tmp
[2021-05-12 08:29:56,504] {bash.py:158} INFO - Running command: 

    echo "2021-05-10"
    echo "2021-05-17"
    echo "Parameter I passed in"

    echo "2021-05-10"
    echo "2021-05-17"
    echo "Parameter I passed in"

    echo "2021-05-10"
    echo "2021-05-17"
    echo "Parameter I passed in"

    echo "2021-05-10"
    echo "2021-05-17"
    echo "Parameter I passed in"

    echo "2021-05-10"
    echo "2021-05-17"
    echo "Parameter I passed in"

[2021-05-12 08:29:56,510] {bash.py:169} INFO - Output:
[2021-05-12 08:29:56,512] {bash.py:173} INFO - 2021-05-10
[2021-05-12 08:29:56,512] {bash.py:173} INFO - 2021-05-17
[2021-05-12 08:29:56,512] {bash.py:173} INFO - Parameter I passed in
[2021-05-12 08:29:56,512] {bash.py:173} INFO - 2021-05-10
[2021-05-12 08:29:56,512] {bash.py:173} INFO - 2021-05-17
[2021-05-12 08:29:56,512] {bash.py:173} INFO - Parameter I passed in
[2021-05-12 08:29:56,512] {bash.py:173} INFO - 2021-05-10
[2021-05-12 08:29:56,512] {bash.py:173} INFO - 2021-05-17
[2021-05-12 08:29:56,512] {bash.py:173} INFO - Parameter I passed in
[2021-05-12 08:29:56,512] {bash.py:173} INFO - 2021-05-10
[2021-05-12 08:29:56,512] {bash.py:173} INFO - 2021-05-17
[2021-05-12 08:29:56,512] {bash.py:173} INFO - Parameter I passed in
[2021-05-12 08:29:56,512] {bash.py:173} INFO - 2021-05-10
[2021-05-12 08:29:56,512] {bash.py:173} INFO - 2021-05-17
[2021-05-12 08:29:56,512] {bash.py:173} INFO - Parameter I passed in
[2021-05-12 08:29:56,512] {bash.py:177} INFO - Command exited with return code 0
[2021-05-12 08:29:56,620] {taskinstance.py:1185} INFO - Marking task as SUCCESS. dag_id=tutorial, task_id=templated, execution_date=20210510T000000, start_date=20210512T082956, end_date=20210512T082956
[2021-05-12 08:29:56,739] {taskinstance.py:1246} INFO - 0 downstream tasks scheduled from follow-on schedule check
[2021-05-12 08:29:56,763] {local_task_job.py:146} INFO - Task exited with return code 0
