[2021-05-12 09:48:08,820] {taskinstance.py:877} INFO - Dependencies all met for <TaskInstance: tutorial.templated 2021-05-10T00:00:00+00:00 [queued]>
[2021-05-12 09:48:08,827] {taskinstance.py:877} INFO - Dependencies all met for <TaskInstance: tutorial.templated 2021-05-10T00:00:00+00:00 [queued]>
[2021-05-12 09:48:08,827] {taskinstance.py:1068} INFO - 
--------------------------------------------------------------------------------
[2021-05-12 09:48:08,827] {taskinstance.py:1069} INFO - Starting attempt 2 of 3
[2021-05-12 09:48:08,827] {taskinstance.py:1070} INFO - 
--------------------------------------------------------------------------------
[2021-05-12 09:48:08,973] {taskinstance.py:1089} INFO - Executing <Task(BashOperator): templated> on 2021-05-10T00:00:00+00:00
[2021-05-12 09:48:08,976] {standard_task_runner.py:52} INFO - Started process 2148115 to run task
[2021-05-12 09:48:08,981] {standard_task_runner.py:76} INFO - Running: ['airflow', 'tasks', 'run', 'tutorial', 'templated', '2021-05-10T00:00:00+00:00', '--job-id', '34', '--pool', 'default_pool', '--raw', '--subdir', 'DAGS_FOLDER/test-dag.py', '--cfg-path', '/tmp/tmpm995a9g5', '--error-file', '/tmp/tmpc41hgdx8']
[2021-05-12 09:48:08,982] {standard_task_runner.py:77} INFO - Job 34: Subtask templated
[2021-05-12 09:48:09,118] {logging_mixin.py:104} INFO - Running <TaskInstance: tutorial.templated 2021-05-10T00:00:00+00:00 [running]> on host sdn-k8s-b2-3-3.maas
[2021-05-12 09:48:09,241] {taskinstance.py:1281} INFO - Exporting the following env vars:
AIRFLOW_CTX_DAG_EMAIL=davidwu5858@gmail.com
AIRFLOW_CTX_DAG_OWNER=airflow
AIRFLOW_CTX_DAG_ID=tutorial
AIRFLOW_CTX_TASK_ID=templated
AIRFLOW_CTX_EXECUTION_DATE=2021-05-10T00:00:00+00:00
AIRFLOW_CTX_DAG_RUN_ID=scheduled__2021-05-10T00:00:00+00:00
[2021-05-12 09:48:09,242] {bash.py:135} INFO - Tmp dir root location: 
 /tmp
[2021-05-12 09:48:09,242] {bash.py:158} INFO - Running command: 

    echo "2021-05-10"
    echo "2021-05-17"
    echo "Parameter I passed in"

    echo "2021-05-10"
    echo "2021-05-17"
    echo "Parameter I passed in"

    echo "2021-05-10"
    echo "2021-05-17"
    echo "Parameter I passed in"

    echo "2021-05-10"
    echo "2021-05-17"
    echo "Parameter I passed in"

    echo "2021-05-10"
    echo "2021-05-17"
    echo "Parameter I passed in"

[2021-05-12 09:48:09,249] {bash.py:169} INFO - Output:
[2021-05-12 09:48:09,250] {bash.py:173} INFO - 2021-05-10
[2021-05-12 09:48:09,250] {bash.py:173} INFO - 2021-05-17
[2021-05-12 09:48:09,250] {bash.py:173} INFO - Parameter I passed in
[2021-05-12 09:48:09,251] {bash.py:173} INFO - 2021-05-10
[2021-05-12 09:48:09,251] {bash.py:173} INFO - 2021-05-17
[2021-05-12 09:48:09,251] {bash.py:173} INFO - Parameter I passed in
[2021-05-12 09:48:09,251] {bash.py:173} INFO - 2021-05-10
[2021-05-12 09:48:09,251] {bash.py:173} INFO - 2021-05-17
[2021-05-12 09:48:09,251] {bash.py:173} INFO - Parameter I passed in
[2021-05-12 09:48:09,251] {bash.py:173} INFO - 2021-05-10
[2021-05-12 09:48:09,251] {bash.py:173} INFO - 2021-05-17
[2021-05-12 09:48:09,251] {bash.py:173} INFO - Parameter I passed in
[2021-05-12 09:48:09,251] {bash.py:173} INFO - 2021-05-10
[2021-05-12 09:48:09,251] {bash.py:173} INFO - 2021-05-17
[2021-05-12 09:48:09,251] {bash.py:173} INFO - Parameter I passed in
[2021-05-12 09:48:09,251] {bash.py:177} INFO - Command exited with return code 0
[2021-05-12 09:48:09,403] {taskinstance.py:1185} INFO - Marking task as SUCCESS. dag_id=tutorial, task_id=templated, execution_date=20210510T000000, start_date=20210512T094808, end_date=20210512T094809
[2021-05-12 09:48:09,529] {taskinstance.py:1246} INFO - 0 downstream tasks scheduled from follow-on schedule check
[2021-05-12 09:48:09,552] {local_task_job.py:146} INFO - Task exited with return code 0
