[2021-05-12 08:29:48,759] {taskinstance.py:877} INFO - Dependencies all met for <TaskInstance: tutorial.sleep 2021-05-10T00:00:00+00:00 [queued]>
[2021-05-12 08:29:48,765] {taskinstance.py:877} INFO - Dependencies all met for <TaskInstance: tutorial.sleep 2021-05-10T00:00:00+00:00 [queued]>
[2021-05-12 08:29:48,766] {taskinstance.py:1068} INFO - 
--------------------------------------------------------------------------------
[2021-05-12 08:29:48,766] {taskinstance.py:1069} INFO - Starting attempt 1 of 4
[2021-05-12 08:29:48,766] {taskinstance.py:1070} INFO - 
--------------------------------------------------------------------------------
[2021-05-12 08:29:48,891] {taskinstance.py:1089} INFO - Executing <Task(BashOperator): sleep> on 2021-05-10T00:00:00+00:00
[2021-05-12 08:29:48,894] {standard_task_runner.py:52} INFO - Started process 2098877 to run task
[2021-05-12 08:29:48,899] {standard_task_runner.py:76} INFO - Running: ['airflow', 'tasks', 'run', 'tutorial', 'sleep', '2021-05-10T00:00:00+00:00', '--job-id', '11', '--pool', 'default_pool', '--raw', '--subdir', 'DAGS_FOLDER/test-dag.py', '--cfg-path', '/tmp/tmp37yk6s29', '--error-file', '/tmp/tmp81f3owe5']
[2021-05-12 08:29:48,900] {standard_task_runner.py:77} INFO - Job 11: Subtask sleep
[2021-05-12 08:29:49,028] {logging_mixin.py:104} INFO - Running <TaskInstance: tutorial.sleep 2021-05-10T00:00:00+00:00 [running]> on host sdn-k8s-b2-3-3.maas
[2021-05-12 08:29:49,145] {taskinstance.py:1281} INFO - Exporting the following env vars:
AIRFLOW_CTX_DAG_EMAIL=airflow@example.com
AIRFLOW_CTX_DAG_OWNER=airflow
AIRFLOW_CTX_DAG_ID=tutorial
AIRFLOW_CTX_TASK_ID=sleep
AIRFLOW_CTX_EXECUTION_DATE=2021-05-10T00:00:00+00:00
AIRFLOW_CTX_DAG_RUN_ID=scheduled__2021-05-10T00:00:00+00:00
[2021-05-12 08:29:49,145] {bash.py:135} INFO - Tmp dir root location: 
 /tmp
[2021-05-12 08:29:49,146] {bash.py:158} INFO - Running command: sleep 5
[2021-05-12 08:29:49,152] {bash.py:169} INFO - Output:
[2021-05-12 08:29:54,168] {bash.py:177} INFO - Command exited with return code 0
[2021-05-12 08:29:54,278] {taskinstance.py:1185} INFO - Marking task as SUCCESS. dag_id=tutorial, task_id=sleep, execution_date=20210510T000000, start_date=20210512T082948, end_date=20210512T082954
[2021-05-12 08:29:54,430] {taskinstance.py:1246} INFO - 0 downstream tasks scheduled from follow-on schedule check
[2021-05-12 08:29:54,472] {local_task_job.py:146} INFO - Task exited with return code 0
