[2021-05-13 04:46:04,518] {taskinstance.py:877} INFO - Dependencies all met for <TaskInstance: tutorial.print_date 2021-05-12T00:00:00+00:00 [queued]>
[2021-05-13 04:46:04,525] {taskinstance.py:877} INFO - Dependencies all met for <TaskInstance: tutorial.print_date 2021-05-12T00:00:00+00:00 [queued]>
[2021-05-13 04:46:04,525] {taskinstance.py:1068} INFO - 
--------------------------------------------------------------------------------
[2021-05-13 04:46:04,525] {taskinstance.py:1069} INFO - Starting attempt 1 of 2
[2021-05-13 04:46:04,525] {taskinstance.py:1070} INFO - 
--------------------------------------------------------------------------------
[2021-05-13 04:46:04,634] {taskinstance.py:1089} INFO - Executing <Task(BashOperator): print_date> on 2021-05-12T00:00:00+00:00
[2021-05-13 04:46:04,636] {standard_task_runner.py:52} INFO - Started process 2892547 to run task
[2021-05-13 04:46:04,641] {standard_task_runner.py:76} INFO - Running: ['airflow', 'tasks', 'run', 'tutorial', 'print_date', '2021-05-12T00:00:00+00:00', '--job-id', '129', '--pool', 'default_pool', '--raw', '--subdir', 'DAGS_FOLDER/test-dag.py', '--cfg-path', '/tmp/tmpy47xnnoh', '--error-file', '/tmp/tmpuiavdkdw']
[2021-05-13 04:46:04,642] {standard_task_runner.py:77} INFO - Job 129: Subtask print_date
[2021-05-13 04:46:04,795] {logging_mixin.py:104} INFO - Running <TaskInstance: tutorial.print_date 2021-05-12T00:00:00+00:00 [running]> on host sdn-k8s-b2-3-3.maas
[2021-05-13 04:46:04,933] {taskinstance.py:1281} INFO - Exporting the following env vars:
AIRFLOW_CTX_DAG_EMAIL=davidwu5858@gmail.com
AIRFLOW_CTX_DAG_OWNER=airflow
AIRFLOW_CTX_DAG_ID=tutorial
AIRFLOW_CTX_TASK_ID=print_date
AIRFLOW_CTX_EXECUTION_DATE=2021-05-12T00:00:00+00:00
AIRFLOW_CTX_DAG_RUN_ID=scheduled__2021-05-12T00:00:00+00:00
[2021-05-13 04:46:04,933] {bash.py:135} INFO - Tmp dir root location: 
 /tmp
[2021-05-13 04:46:04,934] {bash.py:158} INFO - Running command: date
[2021-05-13 04:46:04,940] {bash.py:169} INFO - Output:
[2021-05-13 04:46:04,942] {bash.py:173} INFO - Thu May 13 04:46:04 UTC 2021
[2021-05-13 04:46:04,942] {bash.py:177} INFO - Command exited with return code 0
[2021-05-13 04:46:05,112] {taskinstance.py:1185} INFO - Marking task as SUCCESS. dag_id=tutorial, task_id=print_date, execution_date=20210512T000000, start_date=20210513T044604, end_date=20210513T044605
[2021-05-13 04:46:05,441] {taskinstance.py:1246} INFO - 2 downstream tasks scheduled from follow-on schedule check
[2021-05-13 04:46:05,453] {local_task_job.py:146} INFO - Task exited with return code 0
